<?xml version="1.0" encoding="UTF-8"?>
<!-- Generated by org.testng.reporters.JUnitReportReporter -->
<testsuite hostname="LAPTOP-FVOKODDC" failures="0" tests="1" name="com.nt.TestNG.NewTest" time="8.635" errors="0" timestamp="2022-07-02T21:16:37 IST" skipped="0">
  <testcase classname="com.nt.TestNG.NewTest" name="f" time="8.635"/>
  <system-out/>
</testsuite> <!-- com.nt.TestNG.NewTest -->
