<?xml version="1.0" encoding="UTF-8"?>
<!-- Generated by org.testng.reporters.JUnitReportReporter -->
<testsuite hostname="LAPTOP-FVOKODDC" failures="0" tests="1" name="com.nt.TestNG.AjaxControl" time="5.465" errors="0" timestamp="2022-07-05T22:05:35 IST" skipped="0">
  <testcase classname="com.nt.TestNG.AjaxControl" name="f" time="5.465"/>
  <system-out/>
</testsuite> <!-- com.nt.TestNG.AjaxControl -->
