<?xml version="1.0" encoding="UTF-8"?>
<!-- Generated by org.testng.reporters.JUnitReportReporter -->
<testsuite hostname="LAPTOP-FVOKODDC" failures="0" tests="1" name="com.nt.TestNG.Tooltips" time="0.054" errors="0" timestamp="2022-07-06T21:42:24 IST" skipped="0">
  <testcase classname="com.nt.TestNG.Tooltips" name="f" time="0.054"/>
  <system-out/>
</testsuite> <!-- com.nt.TestNG.Tooltips -->
