<?xml version="1.0" encoding="UTF-8"?>
<!-- Generated by org.testng.reporters.JUnitReportReporter -->
<testsuite hostname="LAPTOP-FVOKODDC" failures="0" tests="2" name="com.nt.TestNG.HMS_LOGIN_DataProvider" time="22.582" errors="0" timestamp="2022-07-08T16:08:50 IST" skipped="0">
  <testcase classname="com.nt.TestNG.HMS_LOGIN_DataProvider" name="f" time="6.537"/>
  <system-out/>
  <testcase classname="com.nt.TestNG.HMS_LOGIN_DataProvider" name="f" time="16.045"/>
  <system-out/>
</testsuite> <!-- com.nt.TestNG.HMS_LOGIN_DataProvider -->
